Saved contents of this file to system_log.14.6 during revup to EDK 14.7.

=====================
Opened log file
=====================
=====================
Opened log file
=====================
Xilinx Platform Studio (XPS)
Xilinx EDK 14.7 Build EDK_P.20131013

Xilinx EDK 14.7 Build EDK_P.20131013

WARNING:EDK - IPNAME: opb_bram_if_cntlr, INSTANCE:
   roach2_tut_tge_gbe0_rxs_ss_bram - Superseded core for architecture
   'virtex6sx' -
   /home/roach/seba/vector_voltmeter/models/tge/casper_model/roach2_tut_tge/XPS_
   ROACH2_base/system.mhs line 472 
WARNING:EDK - IPNAME: opb_bram_if_cntlr, INSTANCE:
   roach2_tut_tge_gbe0_txs_ss_bram - Superseded core for architecture
   'virtex6sx' -
   /home/roach/seba/vector_voltmeter/models/tge/casper_model/roach2_tut_tge/XPS_
   ROACH2_base/system.mhs line 574 
WARNING:EDK - IPNAME: opb_bram_if_cntlr, INSTANCE:
   roach2_tut_tge_gbe1_rxs_ss_bram - Superseded core for architecture
   'virtex6sx' -
   /home/roach/seba/vector_voltmeter/models/tge/casper_model/roach2_tut_tge/XPS_
   ROACH2_base/system.mhs line 775 
WARNING:EDK - IPNAME: opb_bram_if_cntlr, INSTANCE:
   roach2_tut_tge_gbe1_txs_ss_bram - Superseded core for architecture
   'virtex6sx' -
   /home/roach/seba/vector_voltmeter/models/tge/casper_model/roach2_tut_tge/XPS_
   ROACH2_base/system.mhs line 877 
WARNING:EDK - IPNAME: opb_bram_if_cntlr, INSTANCE:
   roach2_tut_tge_tx_snapshot_ss_bram - Superseded core for architecture
   'virtex6sx' -
   /home/roach/seba/vector_voltmeter/models/tge/casper_model/roach2_tut_tge/XPS_
   ROACH2_base/system.mhs line 1075 
WARNING:EDK - IPNAME: opb_opb_lite, INSTANCE: opb2opb_bridge_opb1 - Superseded
   core for architecture 'virtex6sx' -
   /home/roach/seba/vector_voltmeter/models/tge/casper_model/roach2_tut_tge/XPS_
   ROACH2_base/system.mhs line 1119 
WARNING:EDK - IPNAME: opb_opb_lite, INSTANCE: opb2opb_bridge_opb2 - Superseded
   core for architecture 'virtex6sx' -
   /home/roach/seba/vector_voltmeter/models/tge/casper_model/roach2_tut_tge/XPS_
   ROACH2_base/system.mhs line 1140 
WARNING:EDK - IPNAME: opb_bram_if_cntlr, INSTANCE:
   roach2_tut_tge_gbe0_rxs_ss_bram - Superseded core for architecture
   'virtex6sx' -
   /home/roach/seba/vector_voltmeter/models/tge/casper_model/roach2_tut_tge/XPS_
   ROACH2_base/system.mhs line 472 
WARNING:EDK - IPNAME: opb_bram_if_cntlr, INSTANCE:
   roach2_tut_tge_gbe0_txs_ss_bram - Superseded core for architecture
   'virtex6sx' -
   /home/roach/seba/vector_voltmeter/models/tge/casper_model/roach2_tut_tge/XPS_
   ROACH2_base/system.mhs line 574 
WARNING:EDK - IPNAME: opb_bram_if_cntlr, INSTANCE:
   roach2_tut_tge_gbe1_rxs_ss_bram - Superseded core for architecture
   'virtex6sx' -
   /home/roach/seba/vector_voltmeter/models/tge/casper_model/roach2_tut_tge/XPS_
   ROACH2_base/system.mhs line 775 
WARNING:EDK - IPNAME: opb_bram_if_cntlr, INSTANCE:
   roach2_tut_tge_gbe1_txs_ss_bram - Superseded core for architecture
   'virtex6sx' -
   /home/roach/seba/vector_voltmeter/models/tge/casper_model/roach2_tut_tge/XPS_
   ROACH2_base/system.mhs line 877 
WARNING:EDK - IPNAME: opb_bram_if_cntlr, INSTANCE:
   roach2_tut_tge_tx_snapshot_ss_bram - Superseded core for architecture
   'virtex6sx' -
   /home/roach/seba/vector_voltmeter/models/tge/casper_model/roach2_tut_tge/XPS_
   ROACH2_base/system.mhs line 1075 
WARNING:EDK - IPNAME: opb_opb_lite, INSTANCE: opb2opb_bridge_opb1 - Superseded
   core for architecture 'virtex6sx' -
   /home/roach/seba/vector_voltmeter/models/tge/casper_model/roach2_tut_tge/XPS_
   ROACH2_base/system.mhs line 1119 
WARNING:EDK - IPNAME: opb_opb_lite, INSTANCE: opb2opb_bridge_opb2 - Superseded
   core for architecture 'virtex6sx' -
   /home/roach/seba/vector_voltmeter/models/tge/casper_model/roach2_tut_tge/XPS_
   ROACH2_base/system.mhs line 1140 

Overriding IP level properties ...

Computing clock values...
INFO:EDK - Cannot determine the input clock associated with port :
   infrastructure_inst:sys_clk. Clock DRCs will not be performed on this core
   and cores connected to it. 
INFO:EDK - Cannot determine the input clock associated with port :
   infrastructure_inst:epb_clk. Clock DRCs will not be performed on this core
   and cores connected to it. 
INFO:EDK - Cannot determine the input clock associated with port :
   infrastructure_inst:epb_clk. Clock DRCs will not be performed on this core
   and cores connected to it. 
INFO:EDK - Cannot determine the input clock associated with port :
   infrastructure_inst:epb_clk. Clock DRCs will not be performed on this core
   and cores connected to it. 
INFO:EDK - Cannot determine the input clock associated with port :
   infrastructure_inst:epb_clk. Clock DRCs will not be performed on this core
   and cores connected to it. 
INFO:EDK - Cannot determine the input clock associated with port :
   infrastructure_inst:sys_clk. Clock DRCs will not be performed on this core
   and cores connected to it. 
INFO:EDK - Cannot determine the input clock associated with port :
   infrastructure_inst:epb_clk. Clock DRCs will not be performed on this core
   and cores connected to it. 
INFO:EDK - Cannot determine the input clock associated with port :
   infrastructure_inst:epb_clk. Clock DRCs will not be performed on this core
   and cores connected to it. 
INFO:EDK - Cannot determine the input clock associated with port :
   infrastructure_inst:epb_clk. Clock DRCs will not be performed on this core
   and cores connected to it. 
INFO:EDK - Cannot determine the input clock associated with port :
   infrastructure_inst:epb_clk. Clock DRCs will not be performed on this core
   and cores connected to it. 
INFO:EDK - Cannot determine the input clock associated with port :
   infrastructure_inst:epb_clk. Clock DRCs will not be performed on this core
   and cores connected to it. 
INFO:EDK - Cannot determine the input clock associated with port :
   infrastructure_inst:epb_clk. Clock DRCs will not be performed on this core
   and cores connected to it. 
INFO:EDK - Cannot determine the input clock associated with port :
   infrastructure_inst:epb_clk. Clock DRCs will not be performed on this core
   and cores connected to it. 
INFO:EDK - Cannot determine the input clock associated with port :
   infrastructure_inst:epb_clk. Clock DRCs will not be performed on this core
   and cores connected to it. 
INFO:EDK - Cannot determine the input clock associated with port :
   infrastructure_inst:epb_clk. Clock DRCs will not be performed on this core
   and cores connected to it. 
INFO:EDK - Cannot determine the input clock associated with port :
   infrastructure_inst:epb_clk. Clock DRCs will not be performed on this core
   and cores connected to it. 
INFO:EDK - Cannot determine the input clock associated with port :
   infrastructure_inst:epb_clk. Clock DRCs will not be performed on this core
   and cores connected to it. 
INFO:EDK - Cannot determine the input clock associated with port :
   infrastructure_inst:epb_clk. Clock DRCs will not be performed on this core
   and cores connected to it. 
INFO:EDK - Cannot determine the input clock associated with port :
   infrastructure_inst:epb_clk. Clock DRCs will not be performed on this core
   and cores connected to it. 
INFO:EDK - Cannot determine the input clock associated with port :
   infrastructure_inst:epb_clk. Clock DRCs will not be performed on this core
   and cores connected to it. 
INFO:EDK - Cannot determine the input clock associated with port :
   infrastructure_inst:epb_clk. Clock DRCs will not be performed on this core
   and cores connected to it. 
INFO:EDK - Cannot determine the input clock associated with port :
   infrastructure_inst:epb_clk. Clock DRCs will not be performed on this core
   and cores connected to it. 
INFO:EDK - Cannot determine the input clock associated with port :
   infrastructure_inst:epb_clk. Clock DRCs will not be performed on this core
   and cores connected to it. 
INFO:EDK - Cannot determine the input clock associated with port :
   infrastructure_inst:epb_clk. Clock DRCs will not be performed on this core
   and cores connected to it. 
INFO:EDK - Cannot determine the input clock associated with port :
   infrastructure_inst:epb_clk. Clock DRCs will not be performed on this core
   and cores connected to it. 
INFO:EDK - Cannot determine the input clock associated with port :
   infrastructure_inst:epb_clk. Clock DRCs will not be performed on this core
   and cores connected to it. 
INFO:EDK - Cannot determine the input clock associated with port :
   infrastructure_inst:epb_clk. Clock DRCs will not be performed on this core
   and cores connected to it. 
INFO:EDK - Cannot determine the input clock associated with port :
   infrastructure_inst:epb_clk. Clock DRCs will not be performed on this core
   and cores connected to it. 
INFO:EDK - Cannot determine the input clock associated with port :
   infrastructure_inst:epb_clk. Clock DRCs will not be performed on this core
   and cores connected to it. 
INFO:EDK - Cannot determine the input clock associated with port :
   infrastructure_inst:epb_clk. Clock DRCs will not be performed on this core
   and cores connected to it. 
INFO:EDK - Cannot determine the input clock associated with port :
   infrastructure_inst:epb_clk. Clock DRCs will not be performed on this core
   and cores connected to it. 
INFO:EDK - Cannot determine the input clock associated with port :
   infrastructure_inst:epb_clk. Clock DRCs will not be performed on this core
   and cores connected to it. 
INFO:EDK - Cannot determine the input clock associated with port :
   infrastructure_inst:epb_clk. Clock DRCs will not be performed on this core
   and cores connected to it. 
INFO:EDK - Cannot determine the input clock associated with port :
   infrastructure_inst:epb_clk. Clock DRCs will not be performed on this core
   and cores connected to it. 
INFO:EDK - Cannot determine the input clock associated with port :
   infrastructure_inst:epb_clk. Clock DRCs will not be performed on this core
   and cores connected to it. 
INFO:EDK - Cannot determine the input clock associated with port :
   infrastructure_inst:epb_clk. Clock DRCs will not be performed on this core
   and cores connected to it. 
INFO:EDK - Cannot determine the input clock associated with port :
   infrastructure_inst:epb_clk. Clock DRCs will not be performed on this core
   and cores connected to it. 
INFO:EDK - Cannot determine the input clock associated with port :
   infrastructure_inst:epb_clk. Clock DRCs will not be performed on this core
   and cores connected to it. 
INFO:EDK - Cannot determine the input clock associated with port :
   infrastructure_inst:epb_clk. Clock DRCs will not be performed on this core
   and cores connected to it. 
INFO:EDK - Cannot determine the input clock associated with port :
   infrastructure_inst:epb_clk. Clock DRCs will not be performed on this core
   and cores connected to it. 
INFO:EDK - Cannot determine the input clock associated with port :
   infrastructure_inst:epb_clk. Clock DRCs will not be performed on this core
   and cores connected to it. 
INFO:EDK - Cannot determine the input clock associated with port :
   infrastructure_inst:epb_clk. Clock DRCs will not be performed on this core
   and cores connected to it. 
INFO:EDK - Cannot determine the input clock associated with port :
   infrastructure_inst:epb_clk. Clock DRCs will not be performed on this core
   and cores connected to it. 
INFO:EDK - Cannot determine the input clock associated with port :
   infrastructure_inst:epb_clk. Clock DRCs will not be performed on this core
   and cores connected to it. 
INFO:EDK - Cannot determine the input clock associated with port :
   infrastructure_inst:epb_clk. Clock DRCs will not be performed on this core
   and cores connected to it. 
INFO:EDK - Cannot determine the input clock associated with port :
   infrastructure_inst:epb_clk. Clock DRCs will not be performed on this core
   and cores connected to it. 
INFO:EDK - Cannot determine the input clock associated with port :
   infrastructure_inst:epb_clk. Clock DRCs will not be performed on this core
   and cores connected to it. 
INFO:EDK - Cannot determine the input clock associated with port :
   infrastructure_inst:epb_clk. Clock DRCs will not be performed on this core
   and cores connected to it. 
INFO:EDK - Cannot determine the input clock associated with port :
   infrastructure_inst:epb_clk. Clock DRCs will not be performed on this core
   and cores connected to it. 
INFO:EDK - Cannot determine the input clock associated with port :
   infrastructure_inst:epb_clk. Clock DRCs will not be performed on this core
   and cores connected to it. 
INFO:EDK - Cannot determine the input clock associated with port :
   infrastructure_inst:epb_clk. Clock DRCs will not be performed on this core
   and cores connected to it. 
INFO:EDK - Cannot determine the input clock associated with port :
   infrastructure_inst:epb_clk. Clock DRCs will not be performed on this core
   and cores connected to it. 
INFO:EDK - Cannot determine the input clock associated with port :
   infrastructure_inst:epb_clk. Clock DRCs will not be performed on this core
   and cores connected to it. 
INFO:EDK - Cannot determine the input clock associated with port :
   infrastructure_inst:epb_clk. Clock DRCs will not be performed on this core
   and cores connected to it. 
INFO:EDK - Cannot determine the input clock associated with port :
   infrastructure_inst:epb_clk. Clock DRCs will not be performed on this core
   and cores connected to it. 
INFO:EDK - Cannot determine the input clock associated with port :
   infrastructure_inst:epb_clk. Clock DRCs will not be performed on this core
   and cores connected to it. 
INFO:EDK - Cannot determine the input clock associated with port :
   infrastructure_inst:epb_clk. Clock DRCs will not be performed on this core
   and cores connected to it. 
INFO:EDK - Cannot determine the input clock associated with port :
   infrastructure_inst:epb_clk. Clock DRCs will not be performed on this core
   and cores connected to it. 
INFO:EDK - Cannot determine the input clock associated with port :
   infrastructure_inst:epb_clk. Clock DRCs will not be performed on this core
   and cores connected to it. 
INFO:EDK - Cannot determine the input clock associated with port :
   infrastructure_inst:epb_clk. Clock DRCs will not be performed on this core
   and cores connected to it. 
INFO:EDK - Cannot determine the input clock associated with port :
   infrastructure_inst:epb_clk. Clock DRCs will not be performed on this core
   and cores connected to it. 
INFO:EDK - Cannot determine the input clock associated with port :
   infrastructure_inst:epb_clk. Clock DRCs will not be performed on this core
   and cores connected to it. 
INFO:EDK - Did not update the value for parameter:
   roach2_tut_tge_gbe0_rxs_ss_bram:c_opb_clk_period_ps. Top-level frequency
   could not be propagated to this IP. Please make sure that you have specified
   the frequency of the top-level clock port, and that the clocks are properly
   connected.
INFO:EDK - Did not update the value for parameter:
   roach2_tut_tge_gbe0_txs_ss_bram:c_opb_clk_period_ps. Top-level frequency
   could not be propagated to this IP. Please make sure that you have specified
   the frequency of the top-level clock port, and that the clocks are properly
   connected.
INFO:EDK - Did not update the value for parameter:
   roach2_tut_tge_gbe1_rxs_ss_bram:c_opb_clk_period_ps. Top-level frequency
   could not be propagated to this IP. Please make sure that you have specified
   the frequency of the top-level clock port, and that the clocks are properly
   connected.
INFO:EDK - Did not update the value for parameter:
   roach2_tut_tge_gbe1_txs_ss_bram:c_opb_clk_period_ps. Top-level frequency
   could not be propagated to this IP. Please make sure that you have specified
   the frequency of the top-level clock port, and that the clocks are properly
   connected.
INFO:EDK - Did not update the value for parameter:
   roach2_tut_tge_tx_snapshot_ss_bram:c_opb_clk_period_ps. Top-level frequency
   could not be propagated to this IP. Please make sure that you have specified
   the frequency of the top-level clock port, and that the clocks are properly
   connected.

Performing IP level DRCs on properties...

Running DRC Tcl procedures for OPTION IPLEVEL_DRC_PROC...
INFO:EDK - IPNAME: opb_v20, INSTANCE:opb0 - tool is overriding PARAMETER
   C_NUM_MASTERS value to 1 -
   /home/roach/seba/vector_voltmeter/models/tge/casper_model/roach2_tut_tge/XPS_
   ROACH2_base/pcores/opb_v20_v1_10_c/data/opb_v20_v2_1_0.mpd line 74 
INFO:EDK - IPNAME: opb_v20, INSTANCE:opb0 - tool is overriding PARAMETER
   C_NUM_SLAVES value to 19 -
   /home/roach/seba/vector_voltmeter/models/tge/casper_model/roach2_tut_tge/XPS_
   ROACH2_base/pcores/opb_v20_v1_10_c/data/opb_v20_v2_1_0.mpd line 75 
INFO:EDK - IPNAME: opb_v20, INSTANCE:opb1 - tool is overriding PARAMETER
   C_NUM_MASTERS value to 1 -
   /home/roach/seba/vector_voltmeter/models/tge/casper_model/roach2_tut_tge/XPS_
   ROACH2_base/pcores/opb_v20_v1_10_c/data/opb_v20_v2_1_0.mpd line 74 
INFO:EDK - IPNAME: opb_v20, INSTANCE:opb1 - tool is overriding PARAMETER
   C_NUM_SLAVES value to 18 -
   /home/roach/seba/vector_voltmeter/models/tge/casper_model/roach2_tut_tge/XPS_
   ROACH2_base/pcores/opb_v20_v1_10_c/data/opb_v20_v2_1_0.mpd line 75 
INFO:EDK - IPNAME: opb_v20, INSTANCE:opb2 - tool is overriding PARAMETER
   C_NUM_MASTERS value to 1 -
   /home/roach/seba/vector_voltmeter/models/tge/casper_model/roach2_tut_tge/XPS_
   ROACH2_base/pcores/opb_v20_v1_10_c/data/opb_v20_v2_1_0.mpd line 74 
INFO:EDK - IPNAME: opb_v20, INSTANCE:opb2 - tool is overriding PARAMETER
   C_NUM_SLAVES value to 12 -
   /home/roach/seba/vector_voltmeter/models/tge/casper_model/roach2_tut_tge/XPS_
   ROACH2_base/pcores/opb_v20_v1_10_c/data/opb_v20_v2_1_0.mpd line 75 

Checking platform address map ...

XPS% Evaluating file run_xps.tcl
