--------------------------------- Version Log ----------------------------------
Version                                 Path
System Generator                        /opt/Xilinx/14.7/ISE_DS/ISE/sysgen
Matlab 8.2.0.701 (R2013b)               /usr/local/MATLAB/R2013b
ISE                                     /opt/Xilinx/14.7/ISE_DS/ISE
--------------------------------------------------------------------------------
Summary of Errors:
Error 0001: XObjectPool::Pool: lookup failed
     Block: 'fir5/Fast Fourier Transform 7.1 '
Error 0002: XObjectPool::Pool: lookup failed
     Block: 'fir5/Gateway Out1'
--------------------------------------------------------------------------------

Error 0001:

Reported by:
  'fir5/Fast Fourier Transform 7.1 '

Details:
XObjectPool::Pool: lookup failed
--------------------------------------------------------------------------------

Error 0001:

Reported by:
  'fir5/Gateway Out1'

Details:
XObjectPool::Pool: lookup failed
--------------------------------------------------------------------------------
