--------------------------------- Version Log ----------------------------------
Version                                 Path
System Generator                        /opt/Xilinx/14.7/ISE_DS/ISE/sysgen
Matlab 8.2.0.701 (R2013b)               /usr/local/MATLAB/R2013b
ISE                                     /opt/Xilinx/14.7/ISE_DS/ISE
--------------------------------------------------------------------------------
Summary of Errors:
Error 0001: Undriven input port
     Block: 'fir5/acc_cntrl2/Register'
Error 0002: Undriven input port
     Block: 'fir5/acc_cntrl2/Shift'
--------------------------------------------------------------------------------

Error 0001:

Reported by:
  'fir5/acc_cntrl2/Register'

Details:
The input ports on this block must be driven by other Xilinx blocks
--------------------------------------------------------------------------------

Error 0001:

Reported by:
  'fir5/acc_cntrl2/Shift'

Details:
The input ports on this block must be driven by other Xilinx blocks
--------------------------------------------------------------------------------
