--------------------------------- Version Log ----------------------------------
Version                                 Path
System Generator                        /opt/Xilinx/14.7/ISE_DS/ISE/sysgen
Matlab 8.2.0.701 (R2013b)               /usr/local/MATLAB/R2013b
ISE                                     /opt/Xilinx/14.7/ISE_DS/ISE
--------------------------------------------------------------------------------
Summary of Errors:
Error 0001: XObjectPool::Pool: lookup failed
     Block: 'pfb_async/Gateway In'
Error 0002: XObjectPool::Pool: lookup failed
     Block: 'pfb_async/Gateway In1'
--------------------------------------------------------------------------------

Error 0001:

Reported by:
  'pfb_async/Gateway In'

Details:
XObjectPool::Pool: lookup failed
--------------------------------------------------------------------------------

Error 0001:

Reported by:
  'pfb_async/Gateway In1'

Details:
XObjectPool::Pool: lookup failed
--------------------------------------------------------------------------------
