--------------------------------- Version Log ----------------------------------
Version                                 Path
System Generator                        /opt/Xilinx/14.7/ISE_DS/ISE/sysgen
Matlab 8.2.0.701 (R2013b)               /usr/local/MATLAB/R2013b
ISE                                     /opt/Xilinx/14.7/ISE_DS/ISE
--------------------------------------------------------------------------------
Summary of Errors:
Error 0001: Error using xlAssociateSettings>xlAssociateSettingsSizesO...
     Block: 
--------------------------------------------------------------------------------

Error 0001:

Reported by:

Details:
Error using xlAssociateSettings>xlAssociateSettingsSizesOnly (line 109)
Invalid Simulink object handle

Error in xlAssociateSettings (line 17)


Error in <a
href="matlab:helpUtils.errorDocCallback('SLStudio.DisplayMenu>ToggleModelParamAndUpdateCB',
'/usr/local/MATLAB/R2013b/toolbox/simulink/simulink/+SLStudio/DisplayMenu.m',
388)"
style="font-weight:bold">SLStudio.DisplayMenu>ToggleModelParamAndUpdateCB</a>
(<a href="matlab:
opentoline('/usr/local/MATLAB/R2013b/toolbox/simulink/simulink/+SLStudio/DisplayMenu.m',388,0)">line 388</a>)
        cbinfo.domain.updateDiagram;

--------------------------------------------------------------------------------
