--------------------------------- Version Log ----------------------------------
Version                                 Path
System Generator                        /opt/Xilinx/14.7/ISE_DS/ISE/sysgen
Matlab 8.2.0.701 (R2013b)               /usr/local/MATLAB/R2013b
ISE                                     /opt/Xilinx/14.7/ISE_DS/ISE
--------------------------------------------------------------------------------
Summary of Errors:
Error 0001: Illegal parameterization: Width of slice (number of bits)
     Block: 'dec_sym/c_to_ri1/slice_re'
Error 0002: Incorrect slice end point
     Block: 'dec_sym/c_to_ri1/slice_re'
--------------------------------------------------------------------------------

Error 0001:

Reported by:
  'dec_sym/c_to_ri1/slice_re'

Details:
Width of slice (number of bits) is set to a value of 48, but the
value must be less than or equal to 1.  The input signal
bit-width, 1, determines the upper bound for the width of the slice.
Error occurred during "Rate and Type Error Checking".

--------------------------------------------------------------------------------

Error 0001:

Reported by:
  'dec_sym/c_to_ri1/slice_re'

Details:
Slice endpoints must lie between the LSB and MSB
Error occurred during "Rate and Type Error Checking".

--------------------------------------------------------------------------------
