--------------------------------- Version Log ----------------------------------
Version                                 Path
System Generator                        /opt/Xilinx/14.7/ISE_DS/ISE/sysgen
Matlab 8.2.0.701 (R2013b)               /usr/local/MATLAB/R2013b
ISE                                     /opt/Xilinx/14.7/ISE_DS/ISE
--------------------------------------------------------------------------------
Summary of Errors:
Error 0001: Undriven input port
     Block: 'dec_2_2/adcsnap1/basic_ctrl/Mux1'
Error 0002: Undriven input port
     Block: 'dec_2_2/adcsnap1/basic_ctrl/Mux2'
Error 0003: Undriven input port
     Block: 'dec_2_2/adcsnap1/ri'
--------------------------------------------------------------------------------

Error 0001:

Reported by:
  'dec_2_2/adcsnap1/basic_ctrl/Mux1'

Details:
The input ports on this block must be driven by other Xilinx blocks
--------------------------------------------------------------------------------

Error 0001:

Reported by:
  'dec_2_2/adcsnap1/basic_ctrl/Mux2'

Details:
The input ports on this block must be driven by other Xilinx blocks
--------------------------------------------------------------------------------

Error 0001:

Reported by:
  'dec_2_2/adcsnap1/ri'

Details:
The input ports on this block must be driven by other Xilinx blocks
--------------------------------------------------------------------------------
