--------------------------------- Version Log ----------------------------------
Version                                 Path
System Generator                        /opt/Xilinx/14.7/ISE_DS/ISE/sysgen
Matlab 8.2.0.701 (R2013b)               /usr/local/MATLAB/R2013b
ISE                                     /opt/Xilinx/14.7/ISE_DS/ISE
--------------------------------------------------------------------------------
Summary of Errors:
Error 0001: Type assertion failed
     Block: 'untitled/Assert'
--------------------------------------------------------------------------------

Error 0001:

Reported by:
  'untitled/Assert'

Details:
The input type propagated to this block did not match the
specified type.
  Expected Type: Fix_16_0
  Actual Type: UFix_16_14

Error occurred during "Rate and Type Error Checking".

--------------------------------------------------------------------------------
