--------------------------------- Version Log ----------------------------------
Version                                 Path
System Generator                        /opt/Xilinx/14.7/ISE_DS/ISE/sysgen
Matlab 8.2.0.701 (R2013b)               /usr/local/MATLAB/R2013b
ISE                                     /opt/Xilinx/14.7/ISE_DS/ISE
--------------------------------------------------------------------------------
Summary of Errors:
Error 0001: HDL simulation model compilation failed.
ERROR:HDLCompile...
     Block: 'prototype/Black Box1'
--------------------------------------------------------------------------------

Error 0001:

Reported by:
  'prototype/Black Box1'

Details:
HDL simulation model compilation failed.
ERROR:HDLCompiler:806 - "xlisim_parse_inputs.v" Line 1242: Syntax
error near "=".
ERROR:HDLCompiler:598 - "xlisim_parse_inputs.v" Line 1112: Module
<parse_inputs> ignored due to previous errors.
ERROR:HDLCompiler:598 - "xlisim_parse_inputs.v" Line 1278: Module
<xlisim_parse_inputs> ignored due to previous errors.

Error occurred during "Simulation Initialization".

--------------------------------------------------------------------------------
