INFO:encore:314 - Created non-GUI application for batch mode execution.
INFO:sim:172 - Generating IP...
Resolving generics for 'cntr_11_0_060021dfe568ceb3'...
Applying external generics to 'cntr_11_0_060021dfe568ceb3'...
Delivering associated files for 'cntr_11_0_060021dfe568ceb3'...
Generating implementation netlist for 'cntr_11_0_060021dfe568ceb3'...
INFO:sim - Pre-processing HDL files for 'cntr_11_0_060021dfe568ceb3'...
Running synthesis for 'cntr_11_0_060021dfe568ceb3'
Running ngcbuild...
Writing VHO instantiation template for 'cntr_11_0_060021dfe568ceb3'...
Writing VHDL behavioral simulation model for 'cntr_11_0_060021dfe568ceb3'...
Delivered 3 files into directory
/tmp/sysgentmp-root/cg_wk/c5e46ca2b22930f2c/tmp/_cg/cntr_11_0_060021dfe568ceb3
Delivered 1 file into directory
/tmp/sysgentmp-root/cg_wk/c5e46ca2b22930f2c/tmp/_cg/cntr_11_0_060021dfe568ceb3
INFO:sim:949 - Finished generation of ASY schematic symbol.
Generating metadata file...
Generating ISE project file for 'cntr_11_0_060021dfe568ceb3'...
Generating README file...
Generating FLIST file...
INFO:sim:948 - Finished FLIST file generation.
Moving files to output directory...
Finished moving files to output directory
Saved CGP file for project 'coregen'.
INFO:sim:172 - Generating IP...
Resolving generics for 'cntr_11_0_541f86689cddfa59'...
Applying external generics to 'cntr_11_0_541f86689cddfa59'...
Delivering associated files for 'cntr_11_0_541f86689cddfa59'...
Generating implementation netlist for 'cntr_11_0_541f86689cddfa59'...
INFO:sim - Pre-processing HDL files for 'cntr_11_0_541f86689cddfa59'...
Running synthesis for 'cntr_11_0_541f86689cddfa59'
Running ngcbuild...
Writing VHO instantiation template for 'cntr_11_0_541f86689cddfa59'...
Writing VHDL behavioral simulation model for 'cntr_11_0_541f86689cddfa59'...
Delivered 3 files into directory
/tmp/sysgentmp-root/cg_wk/c5e46ca2b22930f2c/tmp/_cg/cntr_11_0_541f86689cddfa59
Delivered 1 file into directory
/tmp/sysgentmp-root/cg_wk/c5e46ca2b22930f2c/tmp/_cg/cntr_11_0_541f86689cddfa59
INFO:sim:949 - Finished generation of ASY schematic symbol.
Generating metadata file...
Generating ISE project file for 'cntr_11_0_541f86689cddfa59'...
Generating README file...
Generating FLIST file...
INFO:sim:948 - Finished FLIST file generation.
Moving files to output directory...
Finished moving files to output directory
Saved CGP file for project 'coregen'.
INFO:sim:172 - Generating IP...
Resolving generics for 'cntr_11_0_8513360a51c30657'...
Applying external generics to 'cntr_11_0_8513360a51c30657'...
Delivering associated files for 'cntr_11_0_8513360a51c30657'...
Generating implementation netlist for 'cntr_11_0_8513360a51c30657'...
INFO:sim - Pre-processing HDL files for 'cntr_11_0_8513360a51c30657'...
Running synthesis for 'cntr_11_0_8513360a51c30657'
Running ngcbuild...
Writing VHO instantiation template for 'cntr_11_0_8513360a51c30657'...
Writing VHDL behavioral simulation model for 'cntr_11_0_8513360a51c30657'...
Delivered 3 files into directory
/tmp/sysgentmp-root/cg_wk/c5e46ca2b22930f2c/tmp/_cg/cntr_11_0_8513360a51c30657
Delivered 1 file into directory
/tmp/sysgentmp-root/cg_wk/c5e46ca2b22930f2c/tmp/_cg/cntr_11_0_8513360a51c30657
INFO:sim:949 - Finished generation of ASY schematic symbol.
Generating metadata file...
Generating ISE project file for 'cntr_11_0_8513360a51c30657'...
Generating README file...
Generating FLIST file...
INFO:sim:948 - Finished FLIST file generation.
Moving files to output directory...
Finished moving files to output directory
Saved CGP file for project 'coregen'.
INFO:sim:172 - Generating IP...
Resolving generics for 'cntr_11_0_c854334c91194d4e'...
Applying external generics to 'cntr_11_0_c854334c91194d4e'...
Delivering associated files for 'cntr_11_0_c854334c91194d4e'...
Generating implementation netlist for 'cntr_11_0_c854334c91194d4e'...
INFO:sim - Pre-processing HDL files for 'cntr_11_0_c854334c91194d4e'...
Running synthesis for 'cntr_11_0_c854334c91194d4e'
Running ngcbuild...
Writing VHO instantiation template for 'cntr_11_0_c854334c91194d4e'...
Writing VHDL behavioral simulation model for 'cntr_11_0_c854334c91194d4e'...
Delivered 3 files into directory
/tmp/sysgentmp-root/cg_wk/c5e46ca2b22930f2c/tmp/_cg/cntr_11_0_c854334c91194d4e
Delivered 1 file into directory
/tmp/sysgentmp-root/cg_wk/c5e46ca2b22930f2c/tmp/_cg/cntr_11_0_c854334c91194d4e
INFO:sim:949 - Finished generation of ASY schematic symbol.
Generating metadata file...
Generating ISE project file for 'cntr_11_0_c854334c91194d4e'...
Generating README file...
Generating FLIST file...
INFO:sim:948 - Finished FLIST file generation.
Moving files to output directory...
Finished moving files to output directory
Saved CGP file for project 'coregen'.
INFO:sim:172 - Generating IP...
Resolving generics for 'cntr_11_0_d342383fb51dea0c'...
Applying external generics to 'cntr_11_0_d342383fb51dea0c'...
Delivering associated files for 'cntr_11_0_d342383fb51dea0c'...
Generating implementation netlist for 'cntr_11_0_d342383fb51dea0c'...
INFO:sim - Pre-processing HDL files for 'cntr_11_0_d342383fb51dea0c'...
Running synthesis for 'cntr_11_0_d342383fb51dea0c'
Running ngcbuild...
Writing VHO instantiation template for 'cntr_11_0_d342383fb51dea0c'...
Writing VHDL behavioral simulation model for 'cntr_11_0_d342383fb51dea0c'...
Delivered 3 files into directory
/tmp/sysgentmp-root/cg_wk/c5e46ca2b22930f2c/tmp/_cg/cntr_11_0_d342383fb51dea0c
Delivered 1 file into directory
/tmp/sysgentmp-root/cg_wk/c5e46ca2b22930f2c/tmp/_cg/cntr_11_0_d342383fb51dea0c
INFO:sim:949 - Finished generation of ASY schematic symbol.
Generating metadata file...
Generating ISE project file for 'cntr_11_0_d342383fb51dea0c'...
Generating README file...
Generating FLIST file...
INFO:sim:948 - Finished FLIST file generation.
Moving files to output directory...
Finished moving files to output directory
Saved CGP file for project 'coregen'.
INFO:sim:172 - Generating IP...
Resolving generics for 'cntr_11_0_d647c64eb1ae1752'...
Applying external generics to 'cntr_11_0_d647c64eb1ae1752'...
Delivering associated files for 'cntr_11_0_d647c64eb1ae1752'...
Generating implementation netlist for 'cntr_11_0_d647c64eb1ae1752'...
INFO:sim - Pre-processing HDL files for 'cntr_11_0_d647c64eb1ae1752'...
Running synthesis for 'cntr_11_0_d647c64eb1ae1752'
Running ngcbuild...
Writing VHO instantiation template for 'cntr_11_0_d647c64eb1ae1752'...
Writing VHDL behavioral simulation model for 'cntr_11_0_d647c64eb1ae1752'...
Delivered 3 files into directory
/tmp/sysgentmp-root/cg_wk/c5e46ca2b22930f2c/tmp/_cg/cntr_11_0_d647c64eb1ae1752
Delivered 1 file into directory
/tmp/sysgentmp-root/cg_wk/c5e46ca2b22930f2c/tmp/_cg/cntr_11_0_d647c64eb1ae1752
INFO:sim:949 - Finished generation of ASY schematic symbol.
Generating metadata file...
Generating ISE project file for 'cntr_11_0_d647c64eb1ae1752'...
Generating README file...
Generating FLIST file...
INFO:sim:948 - Finished FLIST file generation.
Moving files to output directory...
Finished moving files to output directory
Saved CGP file for project 'coregen'.
Saved CGP file for project 'coregen'.
